18-Nov-2025-00:15:28.302 | LOGIN | SUCCESS | admin | / | [0:0:0:0:0:0:0:1] | protocol: http | module: org.webswing.security.modules.demo.DemoSecurityModule
18-Nov-2025-00:15:37.013 | ADMIN_CONSOLE | LOGIN | admin |  | 0:0:0:0:0:0:0:1 | 
18-Nov-2025-00:16:08.792 | ADMIN_CONSOLE | CREATE_APP | admin | /treelibre | 0:0:0:0:0:0:0:1 | 
18-Nov-2025-00:17:24.172 | ADMIN_CONSOLE | CONFIG_CHANGE | admin | /treelibre | 0:0:0:0:0:0:0:1 | [{"op":"add","path":"/maxClients","value":"1"},{"op":"add","path":"/monitorEdtEnabled","value":true},{"op":"add","path":"/allowStealSession","value":true},{"op":"add","path":"/recordingAllowed","value":true},{"op":"add","path":"/bootstrapOptions","value":[]},{"op":"add","path":"/webFolder","value":""},{"op":"add","path":"/webHomeDir","value":"${user.dir}"},{"op":"add","path":"/autoLogout","value":true},{"op":"add","path":"/maxClientsPerUser","value":"-1"},{"op":"add","path":"/enabled","value":true},{"op":"add","path":"/recordingConsentRequired","value":false},{"op":"add","path":"/langFolder","value":""},{"op":"add","path":"/security","value":{"module":"INHERITED","config":{},"authorizationConfig":{"users":[],"roles":[]}}},{"op":"add","path":"/mirroringConsentRequired","value":false},{"op":"add","path":"/loadingAnimationDelay","value":2},{"op":"add","path":"/dataStore","value":{"module":"INHERITED","config":{}}},{"op":"add","path":"/fileViewers","value":[]},{"op":"add","path":"/restrictedResources","value":[]},{"op":"add","path":"/sessionMode","value":"CONTINUE_FOR_BROWSER"},{"op":"add","path":"/uploadMaxSize","value":5},{"op":"add","path":"/mirroringAllowed","value":true}]
18-Nov-2025-00:17:24.275 | ADMIN_CONSOLE | CONFIG_CHANGE | admin | /treelibre | 0:0:0:0:0:0:0:1 | [{"op":"add","path":"/allowUpload","value":true},{"op":"add","path":"/allowDownload","value":true},{"op":"add","path":"/isolatedFs","value":true},{"op":"add","path":"/sessionLogging","value":false},{"op":"add","path":"/allowJsLink","value":false},{"op":"add","path":"/javaFx","value":false},{"op":"add","path":"/launcherType","value":"Desktop"},{"op":"add","path":"/timeoutIfInactive","value":false},{"op":"add","path":"/prelaunchType","value":"NONE"},{"op":"add","path":"/homeDir","value":"${user.dir}"},{"op":"add","path":"/theme","value":""},{"op":"add","path":"/directdraw","value":true},{"op":"add","path":"/debug","value":false},{"op":"add","path":"/testMode","value":false},{"op":"add","path":"/userDir","value":""},{"op":"add","path":"/jreExecutable","value":"${java.home}/bin/java"},{"op":"add","path":"/javaVersion","value":""},{"op":"add","path":"/launcherConfig","value":{}},{"op":"add","path":"/swingSessionTimeout","value":300},{"op":"add","path":"/idleInstancesCount","value":0},{"op":"add","path":"/allowStatisticsLogging","value":true},{"op":"add","path":"/allowDelete","value":true},{"op":"add","path":"/allowAutoDownload","value":false},{"op":"add","path":"/transparentFileOpen","value":true},{"op":"add","path":"/transparentFileSave","value":true},{"op":"add","path":"/transferDir","value":"${user}/upload"},{"op":"add","path":"/clearTransferDir","value":true},{"op":"add","path":"/threadDumpsFolder","value":"${webswing.rootDir}/datastore/dumps"},{"op":"add","path":"/recordingsFolder","value":"${webswing.rootDir}/datastore/recordings"},{"op":"add","path":"/allowLocalClipboard","value":true},{"op":"add","path":"/allowServerPrinting","value":false},{"op":"add","path":"/fontEmbeddingEnabled","value":false},{"op":"add","path":"/dockMode","value":"NONE"},{"op":"add","path":"/dockType","value":"POPUP"},{"op":"add","path":"/multiScreenSupportEnabled","value":false},{"op":"add","path":"/advancedSettings","value":[]},{"op":"add","path":"/classPathEntries","value":["${webswing.rootDir}/apps/"]},{"op":"add","path":"/enabled","value":true},{"op":"add","path":"/javaFxVersion","value":"11"},{"op":"add","path":"/sessionLogFileSize","value":"${webswing.sessionLog.size:-10MB}"},{"op":"add","path":"/sessionLogMaxFileSize","value":"${webswing.sessionLog.maxSize:-1000MB}"},{"op":"add","path":"/javaFxEmbeddedInJdk","value":false},{"op":"add","path":"/inactivityAction","value":"SHUTDOWN"}]
18-Nov-2025-00:17:37.567 | ADMIN_CONSOLE | CONFIG_CHANGE | admin | /treelibre | 0:0:0:0:0:0:0:1 | [{"op":"replace","path":"/classPathEntries/0","value":"${webswing.rootDir}/apps/TreeLibre/*.jar"}]
18-Nov-2025-00:17:49.982 | ADMIN_CONSOLE | CONFIG_CHANGE | admin | /treelibre | 0:0:0:0:0:0:0:1 | [{"op":"add","path":"/launcherConfig/args","value":"web"},{"op":"add","path":"/vmArgs","value":""}]
18-Nov-2025-00:18:08.329 | ADMIN_CONSOLE | CONFIG_CHANGE | admin | /treelibre | 0:0:0:0:0:0:0:1 | [{"op":"add","path":"/launcherConfig/mainClass","value":"org.hexaredecimal.treestudio.Launcher"}]
18-Nov-2025-00:20:19.966 | ADMIN_CONSOLE | CONFIG_CHANGE | admin | /treelibre | 0:0:0:0:0:0:0:1 | [{"op":"replace","path":"/webHomeDir","value":"${webswing.rootDir}/apps/TreeLibre"}]
18-Nov-2025-00:20:34.809 | ADMIN_CONSOLE | CONFIG_CHANGE | admin | /treelibre | 0:0:0:0:0:0:0:1 | [{"op":"replace","path":"/webFolder","value":"${webswing.rootDir}/apps/TreeLibre"}]
18-Nov-2025-00:22:37.031 | ADMIN_CONSOLE | STOP_APP | admin | /treelibre | 0:0:0:0:0:0:0:1 | 
18-Nov-2025-00:22:39.271 | ADMIN_CONSOLE | REMOVE_APP | admin | /treelibre | 0:0:0:0:0:0:0:1 | 
18-Nov-2025-00:24:27.441 | ADMIN_CONSOLE | CREATE_APP | admin | /webswing | 0:0:0:0:0:0:0:1 | 
18-Nov-2025-00:24:32.887 | ADMIN_CONSOLE | STOP_APP | admin | /webswing | 0:0:0:0:0:0:0:1 | 
18-Nov-2025-00:24:34.810 | ADMIN_CONSOLE | REMOVE_APP | admin | /webswing | 0:0:0:0:0:0:0:1 | 
18-Nov-2025-00:24:44.636 | ADMIN_CONSOLE | CREATE_APP | admin | /treelibre | 0:0:0:0:0:0:0:1 | 
18-Nov-2025-00:25:06.203 | ADMIN_CONSOLE | CONFIG_CHANGE | admin | /treelibre | 0:0:0:0:0:0:0:1 | [{"op":"add","path":"/maxClients","value":"1"},{"op":"add","path":"/monitorEdtEnabled","value":true},{"op":"add","path":"/allowStealSession","value":true},{"op":"add","path":"/recordingAllowed","value":true},{"op":"add","path":"/bootstrapOptions","value":[]},{"op":"add","path":"/webFolder","value":""},{"op":"add","path":"/webHomeDir","value":"${user.dir}"},{"op":"add","path":"/autoLogout","value":true},{"op":"add","path":"/maxClientsPerUser","value":"-1"},{"op":"add","path":"/enabled","value":true},{"op":"add","path":"/recordingConsentRequired","value":false},{"op":"add","path":"/langFolder","value":""},{"op":"add","path":"/security","value":{"module":"INHERITED","config":{},"authorizationConfig":{"users":[],"roles":[]}}},{"op":"add","path":"/mirroringConsentRequired","value":false},{"op":"add","path":"/loadingAnimationDelay","value":2},{"op":"add","path":"/dataStore","value":{"module":"INHERITED","config":{}}},{"op":"add","path":"/fileViewers","value":[]},{"op":"add","path":"/restrictedResources","value":[]},{"op":"add","path":"/sessionMode","value":"CONTINUE_FOR_BROWSER"},{"op":"add","path":"/uploadMaxSize","value":5},{"op":"add","path":"/mirroringAllowed","value":true}]
18-Nov-2025-00:25:06.249 | ADMIN_CONSOLE | CONFIG_CHANGE | admin | /treelibre | 0:0:0:0:0:0:0:1 | [{"op":"add","path":"/allowUpload","value":true},{"op":"add","path":"/allowDownload","value":true},{"op":"add","path":"/isolatedFs","value":true},{"op":"add","path":"/sessionLogging","value":false},{"op":"add","path":"/allowJsLink","value":false},{"op":"add","path":"/javaFx","value":false},{"op":"add","path":"/launcherType","value":"Desktop"},{"op":"add","path":"/timeoutIfInactive","value":false},{"op":"add","path":"/prelaunchType","value":"NONE"},{"op":"add","path":"/homeDir","value":"${webswing.rootDir}/apps/TreeLibre"},{"op":"add","path":"/theme","value":""},{"op":"add","path":"/directdraw","value":true},{"op":"add","path":"/debug","value":false},{"op":"add","path":"/testMode","value":false},{"op":"add","path":"/userDir","value":""},{"op":"add","path":"/jreExecutable","value":"${java.home}/bin/java"},{"op":"add","path":"/javaVersion","value":"${java.version}"},{"op":"add","path":"/launcherConfig","value":{}},{"op":"add","path":"/swingSessionTimeout","value":300},{"op":"add","path":"/idleInstancesCount","value":0},{"op":"add","path":"/allowStatisticsLogging","value":true},{"op":"add","path":"/allowDelete","value":true},{"op":"add","path":"/allowAutoDownload","value":false},{"op":"add","path":"/transparentFileOpen","value":true},{"op":"add","path":"/transparentFileSave","value":true},{"op":"add","path":"/transferDir","value":"${user}/upload"},{"op":"add","path":"/clearTransferDir","value":true},{"op":"add","path":"/threadDumpsFolder","value":"${webswing.rootDir}/datastore/dumps"},{"op":"add","path":"/recordingsFolder","value":"${webswing.rootDir}/datastore/recordings"},{"op":"add","path":"/allowLocalClipboard","value":true},{"op":"add","path":"/allowServerPrinting","value":false},{"op":"add","path":"/fontEmbeddingEnabled","value":false},{"op":"add","path":"/dockMode","value":"NONE"},{"op":"add","path":"/dockType","value":"POPUP"},{"op":"add","path":"/multiScreenSupportEnabled","value":false},{"op":"add","path":"/advancedSettings","value":[]},{"op":"add","path":"/classPathEntries","value":["*.jar"]},{"op":"add","path":"/enabled","value":true},{"op":"add","path":"/javaFxVersion","value":"11"},{"op":"add","path":"/sessionLogFileSize","value":"${webswing.sessionLog.size:-10MB}"},{"op":"add","path":"/sessionLogMaxFileSize","value":"${webswing.sessionLog.maxSize:-1000MB}"},{"op":"add","path":"/javaFxEmbeddedInJdk","value":false},{"op":"add","path":"/inactivityAction","value":"SHUTDOWN"}]
18-Nov-2025-00:25:20.549 | ADMIN_CONSOLE | CONFIG_CHANGE | admin | /treelibre | 0:0:0:0:0:0:0:1 | [{"op":"add","path":"/launcherConfig/mainClass","value":"org.hexaredecimal.treestudio.Launcher"}]
18-Nov-2025-00:25:25.563 | ADMIN_CONSOLE | CONFIG_CHANGE | admin | /treelibre | 0:0:0:0:0:0:0:1 | [{"op":"add","path":"/launcherConfig/args","value":"web"}]
18-Nov-2025-00:25:38.709 | INSTANCE | STARTED | admin | /treelibre | 0:0:0:0:0:0:0:1 | instanceId: treelibre_admin_f95650a1f404_1763418330691
18-Nov-2025-00:26:22.912 | INSTANCE | FINISHED | admin | /treelibre | 0:0:0:0:0:0:0:1 | instanceId: treelibre_admin_f95650a1f404_1763418330691
18-Nov-2025-00:26:23.735 | LOGOUT | SUCCESS | admin | / | [0:0:0:0:0:0:0:1] | protocol: http | module: org.webswing.security.modules.demo.DemoSecurityModule
18-Nov-2025-00:31:05.719 | LOGIN | SUCCESS | admin | / | [0:0:0:0:0:0:0:1] | protocol: http | module: org.webswing.security.modules.demo.DemoSecurityModule
18-Nov-2025-00:31:15.049 | INSTANCE | STARTED | admin | /treelibre | 0:0:0:0:0:0:0:1 | instanceId: treelibre_admin_f95650a1f404_1763418671232
18-Nov-2025-00:34:26.172 | INSTANCE | FINISHED | admin | /treelibre | 0:0:0:0:0:0:0:1 | instanceId: treelibre_admin_f95650a1f404_1763418671232
18-Nov-2025-00:34:26.323 | LOGOUT | SUCCESS | admin | / | [0:0:0:0:0:0:0:1] | protocol: http | module: org.webswing.security.modules.demo.DemoSecurityModule
18-Nov-2025-00:34:36.608 | LOGIN | SUCCESS | admin | / | [0:0:0:0:0:0:0:1] | protocol: http | module: org.webswing.security.modules.demo.DemoSecurityModule
18-Nov-2025-00:34:41.868 | INSTANCE | STARTED | admin | /treelibre | 0:0:0:0:0:0:0:1 | instanceId: treelibre_admin_f95650a1f404_1763418876748
18-Nov-2025-00:36:09.275 | INSTANCE | FINISHED |  | /treelibre | 0:0:0:0:0:0:0:1 | instanceId: treelibre_admin_f95650a1f404_1763418876748
18-Nov-2025-00:42:11.252 | INSTANCE | STARTED | admin | /treelibre | 0:0:0:0:0:0:0:1 | instanceId: treelibre_admin_f95650a1f404_1763419327288
18-Nov-2025-00:42:11.719 | INSTANCE | FINISHED | admin | /treelibre | 0:0:0:0:0:0:0:1 | instanceId: treelibre_admin_f95650a1f404_1763419327288
18-Nov-2025-00:42:11.826 | LOGOUT | SUCCESS | admin | / | [0:0:0:0:0:0:0:1] | protocol: http | module: org.webswing.security.modules.demo.DemoSecurityModule
18-Nov-2025-00:42:23.234 | LOGIN | SUCCESS | admin | / | [0:0:0:0:0:0:0:1] | protocol: http | module: org.webswing.security.modules.demo.DemoSecurityModule
18-Nov-2025-00:42:26.400 | INSTANCE | STARTED | admin | /treelibre | 0:0:0:0:0:0:0:1 | instanceId: treelibre_admin_f95650a1f404_1763419343487
18-Nov-2025-00:44:37.946 | ADMIN_CONSOLE | CONFIG_CHANGE | admin | /treelibre | 0:0:0:0:0:0:0:1 | [{"op":"replace","path":"/directdraw","value":false}]
18-Nov-2025-00:46:26.658 | ADMIN_CONSOLE | CONFIG_CHANGE | admin | /treelibre | 0:0:0:0:0:0:0:1 | [{"op":"replace","path":"/allowAutoDownload","value":true}]
18-Nov-2025-00:47:28.117 | ADMIN_CONSOLE | CONFIG_CHANGE | admin | / | 0:0:0:0:0:0:0:1 | [{"op":"replace","path":"/security/module","value":"NONE"},{"op":"add","path":"/security/config","value":{"welcomeMessage":"Welcome to Webswing Examples distribution. Log-in  as \u0027admin\u0027 with password \u0027pwd\u0027.","randomUsername":false}},{"op":"add","path":"/security/securityContextPerTab","value":false},{"op":"add","path":"/webSecurity/XContentTypeOptions","value":"nosniff"},{"op":"add","path":"/webSecurity/XFrameOptions","value":"SAMEORIGIN"},{"op":"add","path":"/webSecurity/XXSSProtection","value":"1; mode\u003dblock"},{"op":"add","path":"/webSecurity/referrerPolicy","value":"strict-origin-when-cross-origin"},{"op":"add","path":"/webSecurity/strictTransportSecurity","value":"max-age\u003d63072000; includeSubDomains; preload"},{"op":"add","path":"/webSecurity/cookieSameSite","value":"None"},{"op":"add","path":"/webSecurity/forceSecureCookie","value":false},{"op":"add","path":"/restUsers","value":[]},{"op":"add","path":"/dataStore","value":{"module":"INHERITED","config":{}}},{"op":"add","path":"/webHomeDir","value":"${user.dir}"},{"op":"add","path":"/restrictedResources","value":[]}]
18-Nov-2025-00:47:37.456 | INSTANCE | FINISHED | admin | /treelibre | 0:0:0:0:0:0:0:1 | instanceId: treelibre_admin_f95650a1f404_1763419343487
18-Nov-2025-00:47:37.657 | LOGOUT | SUCCESS | admin | / | [0:0:0:0:0:0:0:1] | protocol: http | module: org.webswing.server.core.services.security.modules.anonym.AnonymSecurityModule
18-Nov-2025-00:47:39.920 | LOGIN | SUCCESS | anonym | / | [0:0:0:0:0:0:0:1] | protocol: http | module: org.webswing.server.core.services.security.modules.anonym.AnonymSecurityModule
18-Nov-2025-00:47:47.183 | INSTANCE | STARTED | anonym | /treelibre | 0:0:0:0:0:0:0:1 | instanceId: treelibre_anonym_f95650a1f404_1763419660048
18-Nov-2025-00:48:26.839 | LOGOUT | SUCCESS | anonym | / | [0:0:0:0:0:0:0:1] | protocol: http | module: org.webswing.server.core.services.security.modules.anonym.AnonymSecurityModule
18-Nov-2025-00:48:28.029 | LOGIN | SUCCESS | anonym | / | [0:0:0:0:0:0:0:1] | protocol: http | module: org.webswing.server.core.services.security.modules.anonym.AnonymSecurityModule
18-Nov-2025-00:49:24.525 | LOGOUT | SUCCESS | anonym | / | [0:0:0:0:0:0:0:1] | protocol: http | module: org.webswing.server.core.services.security.modules.anonym.AnonymSecurityModule
18-Nov-2025-00:49:25.087 | LOGIN | SUCCESS | anonym | / | [0:0:0:0:0:0:0:1] | protocol: http | module: org.webswing.server.core.services.security.modules.anonym.AnonymSecurityModule
18-Nov-2025-00:53:44.429 | ADMIN_CONSOLE | LOGIN | anonym |  | 0:0:0:0:0:0:0:1 | 
18-Nov-2025-00:54:32.978 | INSTANCE | FINISHED |  | /treelibre | 0:0:0:0:0:0:0:1 | instanceId: treelibre_anonym_f95650a1f404_1763419660048
18-Nov-2025-00:55:45.201 | ADMIN_CONSOLE | LOGOUT | anonym |  | 0:0:0:0:0:0:0:1 | 
18-Nov-2025-00:55:47.393 | LOGOUT | SUCCESS | anonym | / | [0:0:0:0:0:0:0:1] | protocol: http | module: org.webswing.server.core.services.security.modules.anonym.AnonymSecurityModule
18-Nov-2025-00:55:47.839 | LOGIN | SUCCESS | anonym | / | [0:0:0:0:0:0:0:1] | protocol: http | module: org.webswing.server.core.services.security.modules.anonym.AnonymSecurityModule
18-Nov-2025-00:56:00.917 | LOGOUT | SUCCESS | anonym | / | [0:0:0:0:0:0:0:1] | protocol: http | module: org.webswing.server.core.services.security.modules.anonym.AnonymSecurityModule
18-Nov-2025-00:56:01.881 | LOGIN | SUCCESS | anonym | / | [0:0:0:0:0:0:0:1] | protocol: http | module: org.webswing.server.core.services.security.modules.anonym.AnonymSecurityModule
18-Nov-2025-00:56:17.954 | INSTANCE | STARTED | anonym | /treelibre | 0:0:0:0:0:0:0:1 | instanceId: treelibre_anonym_f95650a1f404_1763420167160
18-Nov-2025-01:02:39.510 | INSTANCE | FINISHED |  | /treelibre | 0:0:0:0:0:0:0:1 | instanceId: treelibre_anonym_f95650a1f404_1763420167160
18-Nov-2025-01:08:10.690 | LOGOUT | SUCCESS | anonym | / | [0:0:0:0:0:0:0:1] | protocol: http | module: org.webswing.server.core.services.security.modules.anonym.AnonymSecurityModule
18-Nov-2025-01:08:11.197 | LOGIN | SUCCESS | anonym | / | [0:0:0:0:0:0:0:1] | protocol: http | module: org.webswing.server.core.services.security.modules.anonym.AnonymSecurityModule
18-Nov-2025-01:08:16.676 | LOGOUT | SUCCESS | anonym | / | [0:0:0:0:0:0:0:1] | protocol: http | module: org.webswing.server.core.services.security.modules.anonym.AnonymSecurityModule
18-Nov-2025-01:08:17.120 | LOGIN | SUCCESS | anonym | / | [0:0:0:0:0:0:0:1] | protocol: http | module: org.webswing.server.core.services.security.modules.anonym.AnonymSecurityModule
18-Nov-2025-01:08:18.107 | LOGOUT | SUCCESS | anonym | / | [0:0:0:0:0:0:0:1] | protocol: http | module: org.webswing.server.core.services.security.modules.anonym.AnonymSecurityModule
18-Nov-2025-01:08:18.511 | LOGIN | SUCCESS | anonym | / | [0:0:0:0:0:0:0:1] | protocol: http | module: org.webswing.server.core.services.security.modules.anonym.AnonymSecurityModule
18-Nov-2025-01:08:19.492 | LOGOUT | SUCCESS | anonym | / | [0:0:0:0:0:0:0:1] | protocol: http | module: org.webswing.server.core.services.security.modules.anonym.AnonymSecurityModule
18-Nov-2025-01:08:20.362 | LOGIN | SUCCESS | anonym | / | [0:0:0:0:0:0:0:1] | protocol: http | module: org.webswing.server.core.services.security.modules.anonym.AnonymSecurityModule
18-Nov-2025-01:08:20.865 | LOGOUT | SUCCESS | anonym | / | [0:0:0:0:0:0:0:1] | protocol: http | module: org.webswing.server.core.services.security.modules.anonym.AnonymSecurityModule
18-Nov-2025-01:08:21.327 | LOGIN | SUCCESS | anonym | / | [0:0:0:0:0:0:0:1] | protocol: http | module: org.webswing.server.core.services.security.modules.anonym.AnonymSecurityModule
18-Nov-2025-01:14:53.552 | INSTANCE | STARTED | anonym | /treelibre | 0:0:0:0:0:0:0:1 | instanceId: treelibre_anonym_f95650a1f404_1763421290168
18-Nov-2025-01:16:06.087 | INSTANCE | FINISHED | anonym | /treelibre | 0:0:0:0:0:0:0:1 | instanceId: treelibre_anonym_f95650a1f404_1763421290168
18-Nov-2025-01:16:06.418 | LOGOUT | SUCCESS | anonym | / | [0:0:0:0:0:0:0:1] | protocol: http | module: org.webswing.server.core.services.security.modules.anonym.AnonymSecurityModule
18-Nov-2025-01:16:09.793 | LOGIN | SUCCESS | anonym | / | [0:0:0:0:0:0:0:1] | protocol: http | module: org.webswing.server.core.services.security.modules.anonym.AnonymSecurityModule
18-Nov-2025-01:16:21.920 | INSTANCE | STARTED | anonym | /treelibre | 0:0:0:0:0:0:0:1 | instanceId: treelibre_anonym_f95650a1f404_1763421370002
18-Nov-2025-01:18:47.466 | INSTANCE | FINISHED |  | /treelibre | 0:0:0:0:0:0:0:1 | instanceId: treelibre_anonym_f95650a1f404_1763421370002
18-Nov-2025-01:22:29.211 | INSTANCE | STARTED | anonym | /treelibre | 0:0:0:0:0:0:0:1 | instanceId: treelibre_anonym_f95650a1f404_1763421748076
18-Nov-2025-01:22:30.570 | INSTANCE | FINISHED | anonym | /treelibre | 0:0:0:0:0:0:0:1 | instanceId: treelibre_anonym_f95650a1f404_1763421748076
18-Nov-2025-01:22:30.690 | LOGOUT | SUCCESS | anonym | / | [0:0:0:0:0:0:0:1] | protocol: http | module: org.webswing.server.core.services.security.modules.anonym.AnonymSecurityModule
18-Nov-2025-01:22:36.867 | LOGIN | SUCCESS | anonym | / | [0:0:0:0:0:0:0:1] | protocol: http | module: org.webswing.server.core.services.security.modules.anonym.AnonymSecurityModule
18-Nov-2025-01:22:39.691 | INSTANCE | STARTED | anonym | /treelibre | 0:0:0:0:0:0:0:1 | instanceId: treelibre_anonym_f95650a1f404_1763421757184
18-Nov-2025-01:32:34.146 | INSTANCE | FINISHED |  | /treelibre | 0:0:0:0:0:0:0:1 | instanceId: treelibre_anonym_f95650a1f404_1763421757184
18-Nov-2025-01:58:47.303 | LOGIN | SUCCESS | anonym | / | [0:0:0:0:0:0:0:1] | protocol: http | module: org.webswing.server.core.services.security.modules.anonym.AnonymSecurityModule
18-Nov-2025-01:58:47.752 | LOGIN | SUCCESS | anonym | / | 127.0.0.1 | protocol: http | module: org.webswing.server.core.services.security.modules.anonym.AnonymSecurityModule
18-Nov-2025-01:58:49.665 | INSTANCE | STARTED | anonym | /treelibre | 0:0:0:0:0:0:0:1 | instanceId: treelibre_anonym_f95650a1f404_1763423927788
18-Nov-2025-02:00:10.240 | INSTANCE | FINISHED |  | /treelibre | 0:0:0:0:0:0:0:1 | instanceId: treelibre_anonym_f95650a1f404_1763423927788
18-Nov-2025-14:33:46.453 | LOGIN | SUCCESS | anonym | / | 127.0.0.1 | protocol: http | module: org.webswing.server.core.services.security.modules.anonym.AnonymSecurityModule
18-Nov-2025-14:33:50.461 | INSTANCE | STARTED | anonym | /treelibre | 127.0.0.1 | instanceId: treelibre_anonym_dca2048125a4_1763469227027
18-Nov-2025-14:33:50.710 | INSTANCE | STARTED | anonym | /treelibre | 127.0.0.1 | instanceId: treelibre_anonym_dca2048125a4_1763469227269
18-Nov-2025-14:39:50.971 | INSTANCE | FINISHED |  | /treelibre | 127.0.0.1 | instanceId: treelibre_anonym_dca2048125a4_1763469227027
18-Nov-2025-14:39:51.373 | INSTANCE | FINISHED |  | /treelibre | 127.0.0.1 | instanceId: treelibre_anonym_dca2048125a4_1763469227269
18-Nov-2025-14:47:07.828 | INSTANCE | STARTED | anonym | /treelibre | 127.0.0.1 | instanceId: treelibre_anonym_dca2048125a4_1763470025325
18-Nov-2025-14:47:41.547 | INSTANCE | FINISHED | anonym | /treelibre | 127.0.0.1 | instanceId: treelibre_anonym_dca2048125a4_1763470025325
18-Nov-2025-15:19:46.060 | LOGIN | SUCCESS | anonym | / | 127.0.0.1 | protocol: http | module: org.webswing.server.core.services.security.modules.anonym.AnonymSecurityModule
18-Nov-2025-15:19:48.981 | INSTANCE | STARTED | anonym | /treelibre | 127.0.0.1 | instanceId: treelibre_anonym_dca2048125a4_1763471986442
18-Nov-2025-15:19:54.164 | INSTANCE | FINISHED | anonym | /treelibre | 127.0.0.1 | instanceId: treelibre_anonym_dca2048125a4_1763471986442
18-Nov-2025-15:21:31.626 | LOGIN | SUCCESS | anonym | / | [0:0:0:0:0:0:0:1] | protocol: http | module: org.webswing.server.core.services.security.modules.anonym.AnonymSecurityModule
18-Nov-2025-15:21:33.890 | INSTANCE | STARTED | anonym | /treelibre | 0:0:0:0:0:0:0:1 | instanceId: treelibre_anonym_f95650a1f404_1763472092006
18-Nov-2025-15:23:27.827 | INSTANCE | FINISHED | anonym | /treelibre | 0:0:0:0:0:0:0:1 | instanceId: treelibre_anonym_f95650a1f404_1763472092006
